Î“Ă»â–“ Next.js 16.1.6 (webpack)
- Environments: .env

Î“ĂśĂˇ The "middleware" file convention is deprecated. Please use "proxy" instead. Learn more: https://nextjs.org/docs/messages/middleware-to-proxy
  Creating an optimized production build ...
> [PWA] Compile server
> [PWA] Compile server
> [PWA] Compile client (static)
> [PWA] Auto register service worker with: C:\Users\sean\BBBUILDOUT\brokerbox\node_modules\next-pwa\register.js
> [PWA] Service worker: C:\Users\sean\BBBUILDOUT\brokerbox\apps\web\public\sw.js
> [PWA]   url: /sw.js
> [PWA]   scope: /
> [PWA] Fallback to precache routes when fetch failed from cache or network:
> [PWA]   document (page): /offline.html
Î“ÂŁĂ´ Compiled successfully in 10.5s
  Skipping validation of types
  Collecting page data using 11 workers ...
  Generating static pages using 11 workers (0/13) ...
  Generating static pages using 11 workers (3/13) 
  Generating static pages using 11 workers (6/13) 
  Generating static pages using 11 workers (9/13) 
Î“ÂŁĂ´ Generating static pages using 11 workers (13/13) in 624.2ms
  Finalizing page optimization ...
  Collecting build traces ...

Route (app)
Î“Ă¶Ă® â•žĂ† /
Î“Ă¶ÂŁ Î“ĂąĂŻ /_not-found
Î“Ă¶ÂŁ â•žĂ† /api/borrowers
Î“Ă¶ÂŁ â•žĂ† /api/borrowers/[id]
Î“Ă¶ÂŁ â•žĂ† /api/conditions
Î“Ă¶ÂŁ â•žĂ† /api/conditions/[id]
Î“Ă¶ÂŁ â•žĂ† /api/deals
Î“Ă¶ÂŁ â•žĂ† /api/deals/[id]
Î“Ă¶ÂŁ â•žĂ† /api/docvault
Î“Ă¶ÂŁ â•žĂ† /api/docvault/[id]
Î“Ă¶ÂŁ â•žĂ† /api/docvault/upload
Î“Ă¶ÂŁ â•žĂ† /api/lenders
Î“Ă¶ÂŁ â•žĂ† /api/lenders/[id]
Î“Ă¶ÂŁ â•žĂ† /api/match
Î“Ă¶ÂŁ â•žĂ† /api/notes
Î“Ă¶ÂŁ â•žĂ† /api/scenarios
Î“Ă¶ÂŁ â•žĂ† /api/scenarios/[id]
Î“Ă¶ÂŁ â•žĂ† /api/settings
Î“Ă¶ÂŁ â•žĂ† /api/tasks
Î“Ă¶ÂŁ â•žĂ† /api/tasks/[id]
Î“Ă¶ÂŁ â•žĂ† /api/users
Î“Ă¶ÂŁ â•žĂ† /api/users/[id]
Î“Ă¶ÂŁ â•žĂ† /borrowers
Î“Ă¶ÂŁ â•žĂ† /borrowers/[id]
Î“Ă¶ÂŁ Î“ĂąĂŻ /calculators
Î“Ă¶ÂŁ â•žĂ† /deals
Î“Ă¶ÂŁ â•žĂ† /deals/[id]
Î“Ă¶ÂŁ Î“ĂąĂŻ /docvault
Î“Ă¶ÂŁ â•žĂ† /fundflow
Î“Ă¶ÂŁ â•žĂ† /lenders
Î“Ă¶ÂŁ â•žĂ† /lenders/[id]
Î“Ă¶ÂŁ Î“ĂąĂŻ /login
Î“Ă¶ÂŁ Î“ĂąĂŻ /manifest.webmanifest
Î“Ă¶ÂŁ Î“ĂąĂŻ /match
Î“Ă¶ÂŁ â•žĂ† /reports
Î“Ă¶ÂŁ Î“ĂąĂŻ /scenarios
Î“Ă¶ÂŁ Î“ĂąĂŻ /settings
Î“Ă¶Ă¶ â•žĂ† /users


â•žĂ† Proxy (Middleware)

Î“ĂąĂŻ  (Static)   prerendered as static content
â•žĂ†  (Dynamic)  server-rendered on demand

